17:26:53.151 [main] DEBUG io.netty.util.internal.logging.InternalLoggerFactory - Using Log4J2 as the default logging framework
17:26:53.156 [main] DEBUG io.netty.util.ResourceLeakDetector - -Dio.netty.leakDetection.level: simple
17:26:53.156 [main] DEBUG io.netty.util.ResourceLeakDetector - -Dio.netty.leakDetection.targetRecords: 4
17:26:53.158 [main] DEBUG io.netty.util.ResourceLeakDetectorFactory - Loaded default ResourceLeakDetector: io.netty.util.ResourceLeakDetector@6ff415ad
17:26:53.168 [main] DEBUG io.netty.util.internal.PlatformDependent0 - -Dio.netty.noUnsafe: false
17:26:53.168 [main] DEBUG io.netty.util.internal.PlatformDependent0 - Java version: 17
17:26:53.169 [main] DEBUG io.netty.util.internal.PlatformDependent0 - sun.misc.Unsafe.theUnsafe: available
17:26:53.169 [main] DEBUG io.netty.util.internal.PlatformDependent0 - sun.misc.Unsafe.copyMemory: available
17:26:53.170 [main] DEBUG io.netty.util.internal.PlatformDependent0 - sun.misc.Unsafe.storeFence: available
17:26:53.170 [main] DEBUG io.netty.util.internal.PlatformDependent0 - java.nio.Buffer.address: available
17:26:53.170 [main] DEBUG io.netty.util.internal.PlatformDependent0 - direct buffer constructor: unavailable: Reflective setAccessible(true) disabled
17:26:53.171 [main] DEBUG io.netty.util.internal.PlatformDependent0 - java.nio.Bits.unaligned: available, true
17:26:53.171 [main] DEBUG io.netty.util.internal.PlatformDependent0 - jdk.internal.misc.Unsafe.allocateUninitializedArray(int): unavailable: class io.netty.util.internal.PlatformDependent0$7 cannot access class jdk.internal.misc.Unsafe (in module java.base) because module java.base does not export jdk.internal.misc to unnamed module @6477463f
17:26:53.172 [main] DEBUG io.netty.util.internal.PlatformDependent0 - java.nio.DirectByteBuffer.<init>(long, int): unavailable
17:26:53.172 [main] DEBUG io.netty.util.internal.PlatformDependent - sun.misc.Unsafe: available
17:26:53.172 [main] DEBUG io.netty.util.internal.PlatformDependent - maxDirectMemory: 4208984064 bytes (maybe)
17:26:53.172 [main] DEBUG io.netty.util.internal.PlatformDependent - -Dio.netty.tmpdir: C:\Users\STL\AppData\Local\Temp (java.io.tmpdir)
17:26:53.172 [main] DEBUG io.netty.util.internal.PlatformDependent - -Dio.netty.bitMode: 64 (sun.arch.data.model)
17:26:53.173 [main] DEBUG io.netty.util.internal.PlatformDependent - Platform: Windows
17:26:53.173 [main] DEBUG io.netty.util.internal.PlatformDependent - -Dio.netty.maxDirectMemory: -1 bytes
17:26:53.173 [main] DEBUG io.netty.util.internal.PlatformDependent - -Dio.netty.uninitializedArrayAllocationThreshold: -1
17:26:53.174 [main] DEBUG io.netty.util.internal.CleanerJava9 - java.nio.ByteBuffer.cleaner(): available
17:26:53.174 [main] DEBUG io.netty.util.internal.PlatformDependent - -Dio.netty.noPreferDirect: false
17:26:53.178 [main] DEBUG io.netty.util.internal.PlatformDependent - org.jctools-core.MpscChunkedArrayQueue: available
17:26:53.197 [main] DEBUG io.netty.util.internal.InternalThreadLocalMap - -Dio.netty.threadLocalMap.stringBuilder.initialSize: 1024
17:26:53.197 [main] DEBUG io.netty.util.internal.InternalThreadLocalMap - -Dio.netty.threadLocalMap.stringBuilder.maxSize: 4096
17:26:53.275 [main] DEBUG io.netty.handler.ssl.JdkSslContext - Default protocols (JDK): [TLSv1.3, TLSv1.2] 
17:26:53.275 [main] DEBUG io.netty.handler.ssl.JdkSslContext - Default cipher suites (JDK): [TLS_ECDHE_ECDSA_WITH_AES_256_GCM_SHA384, TLS_ECDHE_ECDSA_WITH_AES_128_GCM_SHA256, TLS_ECDHE_RSA_WITH_AES_128_GCM_SHA256, TLS_ECDHE_RSA_WITH_AES_256_GCM_SHA384, TLS_ECDHE_RSA_WITH_AES_128_CBC_SHA, TLS_ECDHE_RSA_WITH_AES_256_CBC_SHA, TLS_RSA_WITH_AES_128_GCM_SHA256, TLS_RSA_WITH_AES_128_CBC_SHA, TLS_RSA_WITH_AES_256_CBC_SHA, TLS_AES_128_GCM_SHA256, TLS_AES_256_GCM_SHA384]
17:26:53.297 [main] DEBUG io.netty.util.concurrent.GlobalEventExecutor - -Dio.netty.globalEventExecutor.quietPeriodSeconds: 1
17:26:53.330 [main] DEBUG io.netty.channel.MultithreadEventLoopGroup - -Dio.netty.eventLoopThreads: 24
17:26:53.353 [main] DEBUG io.netty.channel.nio.NioEventLoop - -Dio.netty.noKeySetOptimization: false
17:26:53.353 [main] DEBUG io.netty.channel.nio.NioEventLoop - -Dio.netty.selectorAutoRebuildThreshold: 512
17:26:53.422 [main] DEBUG io.netty.buffer.PooledByteBufAllocator - -Dio.netty.allocator.numHeapArenas: 24
17:26:53.422 [main] DEBUG io.netty.buffer.PooledByteBufAllocator - -Dio.netty.allocator.numDirectArenas: 24
17:26:53.422 [main] DEBUG io.netty.buffer.PooledByteBufAllocator - -Dio.netty.allocator.pageSize: 8192
17:26:53.422 [main] DEBUG io.netty.buffer.PooledByteBufAllocator - -Dio.netty.allocator.maxOrder: 9
17:26:53.422 [main] DEBUG io.netty.buffer.PooledByteBufAllocator - -Dio.netty.allocator.chunkSize: 4194304
17:26:53.422 [main] DEBUG io.netty.buffer.PooledByteBufAllocator - -Dio.netty.allocator.smallCacheSize: 256
17:26:53.423 [main] DEBUG io.netty.buffer.PooledByteBufAllocator - -Dio.netty.allocator.normalCacheSize: 64
17:26:53.423 [main] DEBUG io.netty.buffer.PooledByteBufAllocator - -Dio.netty.allocator.maxCachedBufferCapacity: 32768
17:26:53.423 [main] DEBUG io.netty.buffer.PooledByteBufAllocator - -Dio.netty.allocator.cacheTrimInterval: 8192
17:26:53.423 [main] DEBUG io.netty.buffer.PooledByteBufAllocator - -Dio.netty.allocator.cacheTrimIntervalMillis: 0
17:26:53.423 [main] DEBUG io.netty.buffer.PooledByteBufAllocator - -Dio.netty.allocator.useCacheForAllThreads: false
17:26:53.423 [main] DEBUG io.netty.buffer.PooledByteBufAllocator - -Dio.netty.allocator.maxCachedByteBuffersPerChunk: 1023
17:26:53.451 [main] DEBUG io.netty.buffer.ByteBufUtil - -Dio.netty.allocator.type: pooled
17:26:53.451 [main] DEBUG io.netty.buffer.ByteBufUtil - -Dio.netty.threadLocalDirectBufferSize: 0
17:26:53.451 [main] DEBUG io.netty.buffer.ByteBufUtil - -Dio.netty.maxThreadLocalCharBufferSize: 16384
17:26:53.707 [Forwarding newSession on session null to remote] DEBUG io.netty.channel.DefaultChannelId - -Dio.netty.processId: 18108 (auto-detected)
17:26:53.708 [Forwarding newSession on session null to remote] DEBUG io.netty.util.NetUtil - -Djava.net.preferIPv4Stack: false
17:26:53.709 [Forwarding newSession on session null to remote] DEBUG io.netty.util.NetUtil - -Djava.net.preferIPv6Addresses: false
17:26:53.715 [Forwarding newSession on session null to remote] DEBUG io.netty.util.NetUtilInitializations - Loopback interface: lo (Software Loopback Interface 1, 127.0.0.1)
17:26:53.716 [Forwarding newSession on session null to remote] DEBUG io.netty.util.NetUtil - Failed to get SOMAXCONN from sysctl and file \proc\sys\net\core\somaxconn. Default: 200
17:26:53.728 [Forwarding newSession on session null to remote] DEBUG io.netty.channel.DefaultChannelId - -Dio.netty.machineId: f0:a6:54:ff:fe:7d:30:37 (auto-detected)
17:26:53.781 [AsyncHttpClient-1-2] DEBUG io.netty.buffer.AbstractByteBuf - -Dio.netty.buffer.checkAccessible: true
17:26:53.781 [AsyncHttpClient-1-2] DEBUG io.netty.buffer.AbstractByteBuf - -Dio.netty.buffer.checkBounds: true
17:26:53.782 [AsyncHttpClient-1-2] DEBUG io.netty.util.ResourceLeakDetectorFactory - Loaded default ResourceLeakDetector: io.netty.util.ResourceLeakDetector@32472315
17:26:53.795 [AsyncHttpClient-1-2] DEBUG io.netty.util.Recycler - -Dio.netty.recycler.maxCapacityPerThread: 4096
17:26:53.795 [AsyncHttpClient-1-2] DEBUG io.netty.util.Recycler - -Dio.netty.recycler.ratio: 8
17:26:53.795 [AsyncHttpClient-1-2] DEBUG io.netty.util.Recycler - -Dio.netty.recycler.chunkSize: 32
17:26:53.795 [AsyncHttpClient-1-2] DEBUG io.netty.util.Recycler - -Dio.netty.recycler.blocking: false
17:26:53.795 [AsyncHttpClient-1-2] DEBUG io.netty.util.Recycler - -Dio.netty.recycler.batchFastThreadLocalOnly: true
17:26:54.471 [AsyncHttpClient-1-2] DEBUG io.netty.handler.codec.compression.Brotli - brotli4j not in the classpath; Brotli support will be unavailable.
17:26:54.554 [main] DEBUG io.netty.util.internal.ThreadLocalRandom - -Dio.netty.initialSeedUniquifier: 0xc03f53b9a5cdeb02
17:26:55.757 [main] INFO  GS.SeleniumFramework.Login - ################################################################################
17:26:55.757 [main] INFO  GS.SeleniumFramework.Login - Positive login testcase started
17:26:56.167 [main] INFO  GS.SeleniumFramework.Login - Positive login testcase successfully executed
17:27:00.057 [main] INFO  GS.SeleniumFramework.Login - ################################################################################
17:27:00.057 [main] INFO  GS.SeleniumFramework.Login - Negative login testcase started
17:27:00.057 [main] INFO  GS.SeleniumFramework.Login - Inputting valid email and invalid password
17:27:01.179 [main] INFO  GS.SeleniumFramework.Login - Capturing error message
17:27:01.179 [main] INFO  GS.SeleniumFramework.Login - Asserting negative login testcase error message
17:27:04.159 [main] INFO  GS.SeleniumFramework.Login - ################################################################################
17:27:04.159 [main] INFO  GS.SeleniumFramework.Login - Negative login testcase started
17:27:04.159 [main] INFO  GS.SeleniumFramework.Login - Inputting valid email and invalid password
17:27:05.198 [main] INFO  GS.SeleniumFramework.Login - Capturing error message
17:27:05.199 [main] INFO  GS.SeleniumFramework.Login - Asserting negative login testcase error message
17:27:08.841 [main] INFO  GS.SeleniumFramework.OrderSubmit - ################################################################################
17:27:08.843 [main] INFO  GS.SeleniumFramework.OrderSubmit - Submit order testcase stared
17:27:08.843 [main] INFO  GS.SeleniumFramework.OrderSubmit - Login into site
17:27:09.140 [main] INFO  GS.SeleniumFramework.OrderSubmit - Clicking add to cart button for ADIDAS ORIGINAL
17:27:11.218 [main] INFO  GS.SeleniumFramework.OrderSubmit - Clicking add to cart button for IPHONE 13 PRO
17:27:13.947 [main] INFO  GS.SeleniumFramework.OrderSubmit - Clicking button for going to cart page 
17:27:14.001 [main] INFO  GS.SeleniumFramework.OrderSubmit - Verifying product existence in cart page 
17:27:14.092 [main] INFO  GS.SeleniumFramework.OrderSubmit - Assertion passed
17:27:14.092 [main] INFO  GS.SeleniumFramework.OrderSubmit - Clicking checkout button 
17:27:15.173 [main] INFO  GS.SeleniumFramework.OrderSubmit - Landed on checkout page
17:27:15.174 [main] INFO  GS.SeleniumFramework.OrderSubmit - Selecting country India in checkout page
17:27:17.379 [main] INFO  GS.SeleniumFramework.OrderSubmit - Country india selected from dropdown
17:27:17.380 [main] INFO  GS.SeleniumFramework.OrderSubmit - Clicking submit button
17:27:17.420 [main] INFO  GS.SeleniumFramework.OrderSubmit - Order submitted
17:27:17.421 [main] INFO  GS.SeleniumFramework.OrderSubmit - Capturing thank you message from thank you page
17:27:17.574 [main] INFO  GS.SeleniumFramework.OrderSubmit - Thank you message assertion pass
